1544886572163	mozrunner::runner	INFO	Running command: "/Applications/Firefox.app/Contents/MacOS/firefox-bin" "-marionette" "-foreground" "-no-remote" "-profile" "/var/folders/0h/7pm1mfsj7l5g6_0l2djgwqsm0000gn/T/rust_mozprofile.QB4G5xfpvrVF"
1544886582065	addons.webextension.screenshots@mozilla.org	WARN	Loading extension 'screenshots@mozilla.org': Reading manifest: Invalid host permission: resource://pdf.js/
1544886582066	addons.webextension.screenshots@mozilla.org	WARN	Loading extension 'screenshots@mozilla.org': Reading manifest: Invalid host permission: about:reader*
Can't find symbol 'GetGraphicsResetStatus'.
1544886585891	Marionette	INFO	Listening on port 52205
1544886601552	mozrunner::runner	INFO	Running command: "/Applications/Firefox.app/Contents/MacOS/firefox-bin" "-marionette" "-foreground" "-no-remote" "-profile" "/var/folders/0h/7pm1mfsj7l5g6_0l2djgwqsm0000gn/T/rust_mozprofile.E7JmoNSCpAsF"
1544886602803	addons.webextension.screenshots@mozilla.org	WARN	Loading extension 'screenshots@mozilla.org': Reading manifest: Invalid host permission: resource://pdf.js/
1544886602803	addons.webextension.screenshots@mozilla.org	WARN	Loading extension 'screenshots@mozilla.org': Reading manifest: Invalid host permission: about:reader*
Can't find symbol 'GetGraphicsResetStatus'.
1544886605703	Marionette	INFO	Listening on port 52359
1544886605743	Marionette	WARN	TLS certificate errors will be ignored for this session
1544886664173	Marionette	INFO	Stopped listening on port 52359
1544886667752	Marionette	INFO	Stopped listening on port 52205
1544889619969	mozrunner::runner	INFO	Running command: "/Applications/Firefox.app/Contents/MacOS/firefox-bin" "-marionette" "-foreground" "-no-remote" "-profile" "/var/folders/0h/7pm1mfsj7l5g6_0l2djgwqsm0000gn/T/rust_mozprofile.3xkms1JS3hwF"
1544889620889	addons.webextension.screenshots@mozilla.org	WARN	Loading extension 'screenshots@mozilla.org': Reading manifest: Invalid host permission: resource://pdf.js/
1544889620890	addons.webextension.screenshots@mozilla.org	WARN	Loading extension 'screenshots@mozilla.org': Reading manifest: Invalid host permission: about:reader*
Can't find symbol 'GetGraphicsResetStatus'.
1544889623195	Marionette	INFO	Listening on port 50874
1544889623322	Marionette	WARN	TLS certificate errors will be ignored for this session
[Child 2056, MediaPlayback #1] WARNING: Decoder=12ae6d800 state=DECODING_METADATA Decode metadata failed, shutting down decoder: file /builds/worker/workspace/build/src/dom/media/MediaDecoderStateMachine.cpp, line 372
[Child 2056, MediaPlayback #1] WARNING: Decoder=12ae6d800 Decode error: NS_ERROR_DOM_MEDIA_METADATA_ERR (0x806e0006): file /builds/worker/workspace/build/src/dom/media/MediaDecoderStateMachine.cpp, line 3434
JavaScript error: https://syntax.fm/_next/static/commons/main-ddbc0c2478383fda1136.js, line 1: AbortError: The fetching process for the media resource was aborted by the user agent at the user's request.
JavaScript error: https://syntax.fm/_next/static/commons/main-ddbc0c2478383fda1136.js, line 1: AbortError: The fetching process for the media resource was aborted by the user agent at the user's request.
[Child 2056, MediaPlayback #1] WARNING: Decoder=13237e800 state=DECODING_METADATA Decode metadata failed, shutting down decoder: file /builds/worker/workspace/build/src/dom/media/MediaDecoderStateMachine.cpp, line 372
[Child 2056, MediaPlayback #1] WARNING: Decoder=13237e800 Decode error: NS_ERROR_DOM_MEDIA_METADATA_ERR (0x806e0006): file /builds/worker/workspace/build/src/dom/media/MediaDecoderStateMachine.cpp, line 3434
JavaScript error: https://syntax.fm/_next/static/commons/main-ddbc0c2478383fda1136.js, line 1: AbortError: The fetching process for the media resource was aborted by the user agent at the user's request.
[Child 2056, MediaPlayback #2] WARNING: Decoder=12ae43000 state=DECODING_METADATA Decode metadata failed, shutting down decoder: file /builds/worker/workspace/build/src/dom/media/MediaDecoderStateMachine.cpp, line 372
[Child 2056, MediaPlayback #2] WARNING: Decoder=12ae43000 Decode error: NS_ERROR_DOM_MEDIA_METADATA_ERR (0x806e0006): file /builds/worker/workspace/build/src/dom/media/MediaDecoderStateMachine.cpp, line 3434
JavaScript error: https://syntax.fm/_next/static/commons/main-ddbc0c2478383fda1136.js, line 1: AbortError: The fetching process for the media resource was aborted by the user agent at the user's request.
[Child 2056, MediaPlayback #1] WARNING: Decoder=12ae44400 state=DECODING_METADATA Decode metadata failed, shutting down decoder: file /builds/worker/workspace/build/src/dom/media/MediaDecoderStateMachine.cpp, line 372
[Child 2056, MediaPlayback #1] WARNING: Decoder=12ae44400 Decode error: NS_ERROR_DOM_MEDIA_METADATA_ERR (0x806e0006): file /builds/worker/workspace/build/src/dom/media/MediaDecoderStateMachine.cpp, line 3434
JavaScript error: https://syntax.fm/_next/static/commons/main-ddbc0c2478383fda1136.js, line 1: AbortError: The fetching process for the media resource was aborted by the user agent at the user's request.
JavaScript error: https://syntax.fm/_next/static/commons/main-ddbc0c2478383fda1136.js, line 1: AbortError: The fetching process for the media resource was aborted by the user agent at the user's request.
JavaScript error: https://syntax.fm/_next/static/commons/main-ddbc0c2478383fda1136.js, line 1: AbortError: The fetching process for the media resource was aborted by the user agent at the user's request.
[Child 2056, MediaPlayback #1] WARNING: Decoder=134d9f800 state=DECODING_METADATA Decode metadata failed, shutting down decoder: file /builds/worker/workspace/build/src/dom/media/MediaDecoderStateMachine.cpp, line 372
[Child 2056, MediaPlayback #1] WARNING: Decoder=134d9f800 Decode error: NS_ERROR_DOM_MEDIA_METADATA_ERR (0x806e0006): file /builds/worker/workspace/build/src/dom/media/MediaDecoderStateMachine.cpp, line 3434
JavaScript error: https://syntax.fm/_next/static/commons/main-ddbc0c2478383fda1136.js, line 1: AbortError: The fetching process for the media resource was aborted by the user agent at the user's request.
[Child 2056, MediaPlayback #1] WARNING: Decoder=12ae46c00 state=DECODING_METADATA Decode metadata failed, shutting down decoder: file /builds/worker/workspace/build/src/dom/media/MediaDecoderStateMachine.cpp, line 372
[Child 2056, MediaPlayback #1] WARNING: Decoder=12ae46c00 Decode error: NS_ERROR_DOM_MEDIA_METADATA_ERR (0x806e0006): file /builds/worker/workspace/build/src/dom/media/MediaDecoderStateMachine.cpp, line 3434
JavaScript error: https://syntax.fm/_next/static/commons/main-ddbc0c2478383fda1136.js, line 1: AbortError: The fetching process for the media resource was aborted by the user agent at the user's request.
[Child 2056, MediaPlayback #1] WARNING: Decoder=132591800 state=DECODING_METADATA Decode metadata failed, shutting down decoder: file /builds/worker/workspace/build/src/dom/media/MediaDecoderStateMachine.cpp, line 372
[Child 2056, MediaPlayback #1] WARNING: Decoder=132591800 Decode error: NS_ERROR_DOM_MEDIA_METADATA_ERR (0x806e0006): file /builds/worker/workspace/build/src/dom/media/MediaDecoderStateMachine.cpp, line 3434
JavaScript error: https://syntax.fm/_next/static/commons/main-ddbc0c2478383fda1136.js, line 1: AbortError: The fetching process for the media resource was aborted by the user agent at the user's request.
[Child 2056, MediaPlayback #1] WARNING: Decoder=132380000 state=DECODING_METADATA Decode metadata failed, shutting down decoder: file /builds/worker/workspace/build/src/dom/media/MediaDecoderStateMachine.cpp, line 372
[Child 2056, MediaPlayback #1] WARNING: Decoder=132380000 Decode error: NS_ERROR_DOM_MEDIA_METADATA_ERR (0x806e0006): file /builds/worker/workspace/build/src/dom/media/MediaDecoderStateMachine.cpp, line 3434
JavaScript error: https://syntax.fm/_next/static/commons/main-ddbc0c2478383fda1136.js, line 1: AbortError: The fetching process for the media resource was aborted by the user agent at the user's request.
[Child 2056, MediaPlayback #1] WARNING: Decoder=132592800 state=DECODING_METADATA Decode metadata failed, shutting down decoder: file /builds/worker/workspace/build/src/dom/media/MediaDecoderStateMachine.cpp, line 372
[Child 2056, MediaPlayback #1] WARNING: Decoder=132592800 Decode error: NS_ERROR_DOM_MEDIA_METADATA_ERR (0x806e0006): file /builds/worker/workspace/build/src/dom/media/MediaDecoderStateMachine.cpp, line 3434
JavaScript error: https://syntax.fm/_next/static/commons/main-ddbc0c2478383fda1136.js, line 1: AbortError: The fetching process for the media resource was aborted by the user agent at the user's request.
[Child 2056, MediaPlayback #1] WARNING: Decoder=132592c00 state=DECODING_METADATA Decode metadata failed, shutting down decoder: file /builds/worker/workspace/build/src/dom/media/MediaDecoderStateMachine.cpp, line 372
[Child 2056, MediaPlayback #1] WARNING: Decoder=132592c00 Decode error: NS_ERROR_DOM_MEDIA_METADATA_ERR (0x806e0006): file /builds/worker/workspace/build/src/dom/media/MediaDecoderStateMachine.cpp, line 3434
JavaScript error: https://syntax.fm/_next/static/commons/main-ddbc0c2478383fda1136.js, line 1: AbortError: The fetching process for the media resource was aborted by the user agent at the user's request.
[Child 2056, MediaPlayback #2] WARNING: Decoder=134da2c00 state=DECODING_METADATA Decode metadata failed, shutting down decoder: file /builds/worker/workspace/build/src/dom/media/MediaDecoderStateMachine.cpp, line 372
[Child 2056, MediaPlayback #2] WARNING: Decoder=134da2c00 Decode error: NS_ERROR_DOM_MEDIA_METADATA_ERR (0x806e0006): file /builds/worker/workspace/build/src/dom/media/MediaDecoderStateMachine.cpp, line 3434
JavaScript error: https://syntax.fm/_next/static/commons/main-ddbc0c2478383fda1136.js, line 1: AbortError: The fetching process for the media resource was aborted by the user agent at the user's request.
JavaScript error: https://syntax.fm/_next/static/commons/main-ddbc0c2478383fda1136.js, line 1: AbortError: The fetching process for the media resource was aborted by the user agent at the user's request.
JavaScript error: https://syntax.fm/_next/static/commons/main-ddbc0c2478383fda1136.js, line 1: AbortError: The fetching process for the media resource was aborted by the user agent at the user's request.
JavaScript error: https://syntax.fm/_next/static/commons/main-ddbc0c2478383fda1136.js, line 1: AbortError: The fetching process for the media resource was aborted by the user agent at the user's request.
JavaScript error: https://syntax.fm/_next/static/commons/main-ddbc0c2478383fda1136.js, line 1: AbortError: The fetching process for the media resource was aborted by the user agent at the user's request.
console.error: BroadcastService: 
  receivedBroadcastMessage: handler for
  remote-settings/monitor_changes
  threw error:
  Message: Error: Polling for changes failed: NetworkError when attempting to fetch resource..
  Stack:
    remoteSettingsFunction/remoteSettings.pollChanges@resource://services-settings/remote-settings.js:750:13

[Child 2056, MediaPlayback #2] WARNING: Decoder=134d9c800 state=DECODING_METADATA Decode metadata failed, shutting down decoder: file /builds/worker/workspace/build/src/dom/media/MediaDecoderStateMachine.cpp, line 372
[Child 2056, MediaPlayback #2] WARNING: Decoder=134d9c800 Decode error: NS_ERROR_DOM_MEDIA_METADATA_ERR (0x806e0006): file /builds/worker/workspace/build/src/dom/media/MediaDecoderStateMachine.cpp, line 3434
JavaScript error: https://syntax.fm/_next/static/commons/main-ddbc0c2478383fda1136.js, line 1: AbortError: The fetching process for the media resource was aborted by the user agent at the user's request.
JavaScript error: https://syntax.fm/_next/static/commons/main-ddbc0c2478383fda1136.js, line 1: AbortError: The fetching process for the media resource was aborted by the user agent at the user's request.
JavaScript error: https://syntax.fm/_next/static/commons/main-ddbc0c2478383fda1136.js, line 1: AbortError: The fetching process for the media resource was aborted by the user agent at the user's request.
JavaScript error: https://syntax.fm/_next/static/commons/main-ddbc0c2478383fda1136.js, line 1: AbortError: The fetching process for the media resource was aborted by the user agent at the user's request.
JavaScript error: https://syntax.fm/_next/static/commons/main-ddbc0c2478383fda1136.js, line 1: AbortError: The fetching process for the media resource was aborted by the user agent at the user's request.
JavaScript error: https://syntax.fm/_next/static/commons/main-ddbc0c2478383fda1136.js, line 1: AbortError: The fetching process for the media resource was aborted by the user agent at the user's request.
JavaScript error: https://syntax.fm/_next/static/commons/main-ddbc0c2478383fda1136.js, line 1: AbortError: The fetching process for the media resource was aborted by the user agent at the user's request.
1544889663224	Marionette	INFO	Stopped listening on port 50874
1544889789427	mozrunner::runner	INFO	Running command: "/Applications/Firefox.app/Contents/MacOS/firefox-bin" "-marionette" "-foreground" "-no-remote" "-profile" "/var/folders/0h/7pm1mfsj7l5g6_0l2djgwqsm0000gn/T/rust_mozprofile.9Y5ISDMC8u5F"
1544889790191	addons.webextension.screenshots@mozilla.org	WARN	Loading extension 'screenshots@mozilla.org': Reading manifest: Invalid host permission: resource://pdf.js/
1544889790213	addons.webextension.screenshots@mozilla.org	WARN	Loading extension 'screenshots@mozilla.org': Reading manifest: Invalid host permission: about:reader*
Can't find symbol 'GetGraphicsResetStatus'.
1544889792930	Marionette	INFO	Listening on port 51649
1544889793005	Marionette	WARN	TLS certificate errors will be ignored for this session
[Child 2338, MediaPlayback #1] WARNING: Decoder=136a4b000 state=DECODING_METADATA Decode metadata failed, shutting down decoder: file /builds/worker/workspace/build/src/dom/media/MediaDecoderStateMachine.cpp, line 372
[Child 2338, MediaPlayback #1] WARNING: Decoder=136a4b000 Decode error: NS_ERROR_DOM_MEDIA_METADATA_ERR (0x806e0006): file /builds/worker/workspace/build/src/dom/media/MediaDecoderStateMachine.cpp, line 3434
JavaScript error: https://syntax.fm/_next/static/commons/main-ddbc0c2478383fda1136.js, line 1: AbortError: The fetching process for the media resource was aborted by the user agent at the user's request.
[Child 2338, MediaPlayback #1] WARNING: Decoder=136ab8400 state=DECODING_METADATA Decode metadata failed, shutting down decoder: file /builds/worker/workspace/build/src/dom/media/MediaDecoderStateMachine.cpp, line 372
[Child 2338, MediaPlayback #1] WARNING: Decoder=136ab8400 Decode error: NS_ERROR_DOM_MEDIA_METADATA_ERR (0x806e0006): file /builds/worker/workspace/build/src/dom/media/MediaDecoderStateMachine.cpp, line 3434
JavaScript error: https://syntax.fm/_next/static/commons/main-ddbc0c2478383fda1136.js, line 1: AbortError: The fetching process for the media resource was aborted by the user agent at the user's request.
[Child 2338, MediaPlayback #2] WARNING: Decoder=131c0b000 state=DECODING_METADATA Decode metadata failed, shutting down decoder: file /builds/worker/workspace/build/src/dom/media/MediaDecoderStateMachine.cpp, line 372
[Child 2338, MediaPlayback #2] WARNING: Decoder=131c0b000 Decode error: NS_ERROR_DOM_MEDIA_METADATA_ERR (0x806e0006): file /builds/worker/workspace/build/src/dom/media/MediaDecoderStateMachine.cpp, line 3434
JavaScript error: https://syntax.fm/_next/static/commons/main-ddbc0c2478383fda1136.js, line 1: AbortError: The fetching process for the media resource was aborted by the user agent at the user's request.
JavaScript error: https://syntax.fm/_next/static/commons/main-ddbc0c2478383fda1136.js, line 1: AbortError: The fetching process for the media resource was aborted by the user agent at the user's request.
[Child 2338, MediaPlayback #2] WARNING: Decoder=11d4c9400 state=DECODING_METADATA Decode metadata failed, shutting down decoder: file /builds/worker/workspace/build/src/dom/media/MediaDecoderStateMachine.cpp, line 372
[Child 2338, MediaPlayback #2] WARNING: Decoder=11d4c9400 Decode error: NS_ERROR_DOM_MEDIA_METADATA_ERR (0x806e0006): file /builds/worker/workspace/build/src/dom/media/MediaDecoderStateMachine.cpp, line 3434
JavaScript error: https://syntax.fm/_next/static/commons/main-ddbc0c2478383fda1136.js, line 1: AbortError: The fetching process for the media resource was aborted by the user agent at the user's request.
JavaScript error: https://syntax.fm/_next/static/commons/main-ddbc0c2478383fda1136.js, line 1: AbortError: The fetching process for the media resource was aborted by the user agent at the user's request.
[Child 2338, MediaPlayback #2] WARNING: Decoder=13a372c00 state=DECODING_METADATA Decode metadata failed, shutting down decoder: file /builds/worker/workspace/build/src/dom/media/MediaDecoderStateMachine.cpp, line 372
[Child 2338, MediaPlayback #2] WARNING: Decoder=13a372c00 Decode error: NS_ERROR_DOM_MEDIA_METADATA_ERR (0x806e0006): file /builds/worker/workspace/build/src/dom/media/MediaDecoderStateMachine.cpp, line 3434
JavaScript error: https://syntax.fm/_next/static/commons/main-ddbc0c2478383fda1136.js, line 1: AbortError: The fetching process for the media resource was aborted by the user agent at the user's request.
JavaScript error: https://syntax.fm/_next/static/commons/main-ddbc0c2478383fda1136.js, line 1: AbortError: The fetching process for the media resource was aborted by the user agent at the user's request.
[Child 2338, MediaPlayback #1] WARNING: Decoder=136a47c00 state=DECODING_METADATA Decode metadata failed, shutting down decoder: file /builds/worker/workspace/build/src/dom/media/MediaDecoderStateMachine.cpp, line 372
[Child 2338, MediaPlayback #1] WARNING: Decoder=136a47c00 Decode error: NS_ERROR_DOM_MEDIA_METADATA_ERR (0x806e0006): file /builds/worker/workspace/build/src/dom/media/MediaDecoderStateMachine.cpp, line 3434
JavaScript error: https://syntax.fm/_next/static/commons/main-ddbc0c2478383fda1136.js, line 1: AbortError: The fetching process for the media resource was aborted by the user agent at the user's request.
[Child 2338, MediaPlayback #2] WARNING: Decoder=136a48000 state=DECODING_METADATA Decode metadata failed, shutting down decoder: file /builds/worker/workspace/build/src/dom/media/MediaDecoderStateMachine.cpp, line 372
[Child 2338, MediaPlayback #2] WARNING: Decoder=136a48000 Decode error: NS_ERROR_DOM_MEDIA_METADATA_ERR (0x806e0006): file /builds/worker/workspace/build/src/dom/media/MediaDecoderStateMachine.cpp, line 3434
JavaScript error: https://syntax.fm/_next/static/commons/main-ddbc0c2478383fda1136.js, line 1: AbortError: The fetching process for the media resource was aborted by the user agent at the user's request.
[Child 2338, MediaPlayback #2] WARNING: Decoder=136a48400 state=DECODING_METADATA Decode metadata failed, shutting down decoder: file /builds/worker/workspace/build/src/dom/media/MediaDecoderStateMachine.cpp, line 372
[Child 2338, MediaPlayback #2] WARNING: Decoder=136a48400 Decode error: NS_ERROR_DOM_MEDIA_METADATA_ERR (0x806e0006): file /builds/worker/workspace/build/src/dom/media/MediaDecoderStateMachine.cpp, line 3434
JavaScript error: https://syntax.fm/_next/static/commons/main-ddbc0c2478383fda1136.js, line 1: AbortError: The fetching process for the media resource was aborted by the user agent at the user's request.
[Child 2338, MediaPlayback #2] WARNING: Decoder=136a48800 state=DECODING_METADATA Decode metadata failed, shutting down decoder: file /builds/worker/workspace/build/src/dom/media/MediaDecoderStateMachine.cpp, line 372
[Child 2338, MediaPlayback #2] WARNING: Decoder=136a48800 Decode error: NS_ERROR_DOM_MEDIA_METADATA_ERR (0x806e0006): file /builds/worker/workspace/build/src/dom/media/MediaDecoderStateMachine.cpp, line 3434
JavaScript error: https://syntax.fm/_next/static/commons/main-ddbc0c2478383fda1136.js, line 1: AbortError: The fetching process for the media resource was aborted by the user agent at the user's request.
[Child 2338, MediaPlayback #1] WARNING: Decoder=136a4b800 state=DECODING_METADATA Decode metadata failed, shutting down decoder: file /builds/worker/workspace/build/src/dom/media/MediaDecoderStateMachine.cpp, line 372
[Child 2338, MediaPlayback #1] WARNING: Decoder=136a4b800 Decode error: NS_ERROR_DOM_MEDIA_METADATA_ERR (0x806e0006): file /builds/worker/workspace/build/src/dom/media/MediaDecoderStateMachine.cpp, line 3434
JavaScript error: https://syntax.fm/_next/static/commons/main-ddbc0c2478383fda1136.js, line 1: AbortError: The fetching process for the media resource was aborted by the user agent at the user's request.
JavaScript error: https://syntax.fm/_next/static/commons/main-ddbc0c2478383fda1136.js, line 1: AbortError: The fetching process for the media resource was aborted by the user agent at the user's request.
[Child 2338, MediaPlayback #1] WARNING: Decoder=13a2c4400 state=DECODING_METADATA Decode metadata failed, shutting down decoder: file /builds/worker/workspace/build/src/dom/media/MediaDecoderStateMachine.cpp, line 372
[Child 2338, MediaPlayback #1] WARNING: Decoder=13a2c4400 Decode error: NS_ERROR_DOM_MEDIA_METADATA_ERR (0x806e0006): file /builds/worker/workspace/build/src/dom/media/MediaDecoderStateMachine.cpp, line 3434
JavaScript error: https://syntax.fm/_next/static/commons/main-ddbc0c2478383fda1136.js, line 1: AbortError: The fetching process for the media resource was aborted by the user agent at the user's request.
JavaScript error: https://syntax.fm/_next/static/commons/main-ddbc0c2478383fda1136.js, line 1: AbortError: The fetching process for the media resource was aborted by the user agent at the user's request.
console.error: BroadcastService: 
  receivedBroadcastMessage: handler for
  remote-settings/monitor_changes
  threw error:
  Message: Error: Polling for changes failed: NetworkError when attempting to fetch resource..
  Stack:
    remoteSettingsFunction/remoteSettings.pollChanges@resource://services-settings/remote-settings.js:750:13

JavaScript error: https://syntax.fm/_next/static/commons/main-ddbc0c2478383fda1136.js, line 1: AbortError: The fetching process for the media resource was aborted by the user agent at the user's request.
JavaScript error: https://syntax.fm/_next/static/commons/main-ddbc0c2478383fda1136.js, line 1: AbortError: The fetching process for the media resource was aborted by the user agent at the user's request.
[Child 2338, MediaPlayback #1] WARNING: Decoder=131c0f000 state=DECODING_METADATA Decode metadata failed, shutting down decoder: file /builds/worker/workspace/build/src/dom/media/MediaDecoderStateMachine.cpp, line 372
[Child 2338, MediaPlayback #1] WARNING: Decoder=131c0f000 Decode error: NS_ERROR_DOM_MEDIA_METADATA_ERR (0x806e0006): file /builds/worker/workspace/build/src/dom/media/MediaDecoderStateMachine.cpp, line 3434
JavaScript error: https://syntax.fm/_next/static/commons/main-ddbc0c2478383fda1136.js, line 1: AbortError: The fetching process for the media resource was aborted by the user agent at the user's request.
JavaScript error: https://syntax.fm/_next/static/commons/main-ddbc0c2478383fda1136.js, line 1: AbortError: The fetching process for the media resource was aborted by the user agent at the user's request.
JavaScript error: https://syntax.fm/_next/static/commons/main-ddbc0c2478383fda1136.js, line 1: AbortError: The fetching process for the media resource was aborted by the user agent at the user's request.
JavaScript error: https://syntax.fm/_next/static/commons/main-ddbc0c2478383fda1136.js, line 1: AbortError: The fetching process for the media resource was aborted by the user agent at the user's request.
JavaScript error: https://syntax.fm/_next/static/commons/main-ddbc0c2478383fda1136.js, line 1: AbortError: The fetching process for the media resource was aborted by the user agent at the user's request.
JavaScript error: https://syntax.fm/_next/static/commons/main-ddbc0c2478383fda1136.js, line 1: AbortError: The fetching process for the media resource was aborted by the user agent at the user's request.
JavaScript error: https://syntax.fm/_next/static/commons/main-ddbc0c2478383fda1136.js, line 1: AbortError: The fetching process for the media resource was aborted by the user agent at the user's request.
JavaScript error: https://syntax.fm/_next/static/commons/main-ddbc0c2478383fda1136.js, line 1: AbortError: The fetching process for the media resource was aborted by the user agent at the user's request.
JavaScript error: https://syntax.fm/_next/static/commons/main-ddbc0c2478383fda1136.js, line 1: AbortError: The fetching process for the media resource was aborted by the user agent at the user's request.
JavaScript error: https://syntax.fm/_next/static/commons/main-ddbc0c2478383fda1136.js, line 1: AbortError: The fetching process for the media resource was aborted by the user agent at the user's request.
JavaScript error: https://syntax.fm/_next/static/commons/main-ddbc0c2478383fda1136.js, line 1: AbortError: The fetching process for the media resource was aborted by the user agent at the user's request.
JavaScript error: https://syntax.fm/_next/static/commons/main-ddbc0c2478383fda1136.js, line 1: AbortError: The fetching process for the media resource was aborted by the user agent at the user's request.
1544889835041	Marionette	INFO	Stopped listening on port 51649
1544889862567	mozrunner::runner	INFO	Running command: "/Applications/Firefox.app/Contents/MacOS/firefox-bin" "-marionette" "-foreground" "-no-remote" "-profile" "/var/folders/0h/7pm1mfsj7l5g6_0l2djgwqsm0000gn/T/rust_mozprofile.lBRJyRYqIUOY"
1544889863280	addons.webextension.screenshots@mozilla.org	WARN	Loading extension 'screenshots@mozilla.org': Reading manifest: Invalid host permission: resource://pdf.js/
1544889863281	addons.webextension.screenshots@mozilla.org	WARN	Loading extension 'screenshots@mozilla.org': Reading manifest: Invalid host permission: about:reader*
Can't find symbol 'GetGraphicsResetStatus'.
1544889865757	Marionette	INFO	Listening on port 51995
1544889865840	Marionette	WARN	TLS certificate errors will be ignored for this session
[Child 2375, MediaPlayback #1] WARNING: Decoder=132b66800 state=DECODING_METADATA Decode metadata failed, shutting down decoder: file /builds/worker/workspace/build/src/dom/media/MediaDecoderStateMachine.cpp, line 372
[Child 2375, MediaPlayback #1] WARNING: Decoder=132b66800 Decode error: NS_ERROR_DOM_MEDIA_METADATA_ERR (0x806e0006): file /builds/worker/workspace/build/src/dom/media/MediaDecoderStateMachine.cpp, line 3434
JavaScript error: https://syntax.fm/_next/static/commons/main-ddbc0c2478383fda1136.js, line 1: AbortError: The fetching process for the media resource was aborted by the user agent at the user's request.
[Child 2375, MediaPlayback #2] WARNING: Decoder=135b59000 state=DECODING_METADATA Decode metadata failed, shutting down decoder: file /builds/worker/workspace/build/src/dom/media/MediaDecoderStateMachine.cpp, line 372
[Child 2375, MediaPlayback #2] WARNING: Decoder=135b59000 Decode error: NS_ERROR_DOM_MEDIA_METADATA_ERR (0x806e0006): file /builds/worker/workspace/build/src/dom/media/MediaDecoderStateMachine.cpp, line 3434
JavaScript error: https://syntax.fm/_next/static/commons/main-ddbc0c2478383fda1136.js, line 1: AbortError: The fetching process for the media resource was aborted by the user agent at the user's request.
[Child 2375, MediaPlayback #1] WARNING: Decoder=11f9d3c00 state=DECODING_METADATA Decode metadata failed, shutting down decoder: file /builds/worker/workspace/build/src/dom/media/MediaDecoderStateMachine.cpp, line 372
[Child 2375, MediaPlayback #1] WARNING: Decoder=11f9d3c00 Decode error: NS_ERROR_DOM_MEDIA_METADATA_ERR (0x806e0006): file /builds/worker/workspace/build/src/dom/media/MediaDecoderStateMachine.cpp, line 3434
JavaScript error: https://syntax.fm/_next/static/commons/main-ddbc0c2478383fda1136.js, line 1: AbortError: The fetching process for the media resource was aborted by the user agent at the user's request.
JavaScript error: https://syntax.fm/_next/static/commons/main-ddbc0c2478383fda1136.js, line 1: AbortError: The fetching process for the media resource was aborted by the user agent at the user's request.
[Child 2375, MediaPlayback #2] WARNING: Decoder=135b57c00 state=DECODING_METADATA Decode metadata failed, shutting down decoder: file /builds/worker/workspace/build/src/dom/media/MediaDecoderStateMachine.cpp, line 372
[Child 2375, MediaPlayback #2] WARNING: Decoder=135b57c00 Decode error: NS_ERROR_DOM_MEDIA_METADATA_ERR (0x806e0006): file /builds/worker/workspace/build/src/dom/media/MediaDecoderStateMachine.cpp, line 3434
JavaScript error: https://syntax.fm/_next/static/commons/main-ddbc0c2478383fda1136.js, line 1: AbortError: The fetching process for the media resource was aborted by the user agent at the user's request.
[Child 2375, MediaPlayback #2] WARNING: Decoder=11f9be000 state=DECODING_METADATA Decode metadata failed, shutting down decoder: file /builds/worker/workspace/build/src/dom/media/MediaDecoderStateMachine.cpp, line 372
[Child 2375, MediaPlayback #2] WARNING: Decoder=11f9be000 Decode error: NS_ERROR_DOM_MEDIA_METADATA_ERR (0x806e0006): file /builds/worker/workspace/build/src/dom/media/MediaDecoderStateMachine.cpp, line 3434
JavaScript error: https://syntax.fm/_next/static/commons/main-ddbc0c2478383fda1136.js, line 1: AbortError: The fetching process for the media resource was aborted by the user agent at the user's request.
[Child 2375, MediaPlayback #2] WARNING: Decoder=135ba7c00 state=DECODING_METADATA Decode metadata failed, shutting down decoder: file /builds/worker/workspace/build/src/dom/media/MediaDecoderStateMachine.cpp, line 372
[Child 2375, MediaPlayback #2] WARNING: Decoder=135ba7c00 Decode error: NS_ERROR_DOM_MEDIA_METADATA_ERR (0x806e0006): file /builds/worker/workspace/build/src/dom/media/MediaDecoderStateMachine.cpp, line 3434
JavaScript error: https://syntax.fm/_next/static/commons/main-ddbc0c2478383fda1136.js, line 1: AbortError: The fetching process for the media resource was aborted by the user agent at the user's request.
[Child 2375, MediaPlayback #2] WARNING: Decoder=135ba7800 state=DECODING_METADATA Decode metadata failed, shutting down decoder: file /builds/worker/workspace/build/src/dom/media/MediaDecoderStateMachine.cpp, line 372
[Child 2375, MediaPlayback #2] WARNING: Decoder=135ba7800 Decode error: NS_ERROR_DOM_MEDIA_METADATA_ERR (0x806e0006): file /builds/worker/workspace/build/src/dom/media/MediaDecoderStateMachine.cpp, line 3434
JavaScript error: https://syntax.fm/_next/static/commons/main-ddbc0c2478383fda1136.js, line 1: AbortError: The fetching process for the media resource was aborted by the user agent at the user's request.
[Child 2375, MediaPlayback #1] WARNING: Decoder=135ba8000 state=DECODING_METADATA Decode metadata failed, shutting down decoder: file /builds/worker/workspace/build/src/dom/media/MediaDecoderStateMachine.cpp, line 372
[Child 2375, MediaPlayback #1] WARNING: Decoder=135ba8000 Decode error: NS_ERROR_DOM_MEDIA_METADATA_ERR (0x806e0006): file /builds/worker/workspace/build/src/dom/media/MediaDecoderStateMachine.cpp, line 3434
JavaScript error: https://syntax.fm/_next/static/commons/main-ddbc0c2478383fda1136.js, line 1: AbortError: The fetching process for the media resource was aborted by the user agent at the user's request.
[Child 2375, MediaPlayback #2] WARNING: Decoder=135badc00 state=DECODING_METADATA Decode metadata failed, shutting down decoder: file /builds/worker/workspace/build/src/dom/media/MediaDecoderStateMachine.cpp, line 372
[Child 2375, MediaPlayback #2] WARNING: Decoder=135badc00 Decode error: NS_ERROR_DOM_MEDIA_METADATA_ERR (0x806e0006): file /builds/worker/workspace/build/src/dom/media/MediaDecoderStateMachine.cpp, line 3434
JavaScript error: https://syntax.fm/_next/static/commons/main-ddbc0c2478383fda1136.js, line 1: AbortError: The fetching process for the media resource was aborted by the user agent at the user's request.
[Child 2375, MediaPlayback #2] WARNING: Decoder=132b59800 state=DECODING_METADATA Decode metadata failed, shutting down decoder: file /builds/worker/workspace/build/src/dom/media/MediaDecoderStateMachine.cpp, line 372
[Child 2375, MediaPlayback #2] WARNING: Decoder=132b59800 Decode error: NS_ERROR_DOM_MEDIA_METADATA_ERR (0x806e0006): file /builds/worker/workspace/build/src/dom/media/MediaDecoderStateMachine.cpp, line 3434
JavaScript error: https://syntax.fm/_next/static/commons/main-ddbc0c2478383fda1136.js, line 1: AbortError: The fetching process for the media resource was aborted by the user agent at the user's request.
console.error: BroadcastService: 
  receivedBroadcastMessage: handler for
  remote-settings/monitor_changes
  threw error:
  Message: Error: Polling for changes failed: NetworkError when attempting to fetch resource..
  Stack:
    remoteSettingsFunction/remoteSettings.pollChanges@resource://services-settings/remote-settings.js:750:13

[Child 2375, MediaPlayback #2] WARNING: Decoder=129dbb800 state=DECODING_METADATA Decode metadata failed, shutting down decoder: file /builds/worker/workspace/build/src/dom/media/MediaDecoderStateMachine.cpp, line 372
[Child 2375, MediaPlayback #2] WARNING: Decoder=129dbb800 Decode error: NS_ERROR_DOM_MEDIA_METADATA_ERR (0x806e0006): file /builds/worker/workspace/build/src/dom/media/MediaDecoderStateMachine.cpp, line 3434
JavaScript error: https://syntax.fm/_next/static/commons/main-ddbc0c2478383fda1136.js, line 1: AbortError: The fetching process for the media resource was aborted by the user agent at the user's request.
JavaScript error: https://syntax.fm/_next/static/commons/main-ddbc0c2478383fda1136.js, line 1: AbortError: The fetching process for the media resource was aborted by the user agent at the user's request.
JavaScript error: https://syntax.fm/_next/static/commons/main-ddbc0c2478383fda1136.js, line 1: AbortError: The fetching process for the media resource was aborted by the user agent at the user's request.
1544889913630	Marionette	INFO	Stopped listening on port 51995
1544889935979	mozrunner::runner	INFO	Running command: "/Applications/Firefox.app/Contents/MacOS/firefox-bin" "-marionette" "-foreground" "-no-remote" "-profile" "/var/folders/0h/7pm1mfsj7l5g6_0l2djgwqsm0000gn/T/rust_mozprofile.JyxwleBj4pR0"
1544889936742	addons.webextension.screenshots@mozilla.org	WARN	Loading extension 'screenshots@mozilla.org': Reading manifest: Invalid host permission: resource://pdf.js/
1544889936742	addons.webextension.screenshots@mozilla.org	WARN	Loading extension 'screenshots@mozilla.org': Reading manifest: Invalid host permission: about:reader*
Can't find symbol 'GetGraphicsResetStatus'.
1544889939530	Marionette	INFO	Listening on port 52328
1544889939569	Marionette	WARN	TLS certificate errors will be ignored for this session
[Child 2401, MediaPlayback #1] WARNING: Decoder=124dd1800 state=DECODING_METADATA Decode metadata failed, shutting down decoder: file /builds/worker/workspace/build/src/dom/media/MediaDecoderStateMachine.cpp, line 372
[Child 2401, MediaPlayback #1] WARNING: Decoder=124dd1800 Decode error: NS_ERROR_DOM_MEDIA_METADATA_ERR (0x806e0006): file /builds/worker/workspace/build/src/dom/media/MediaDecoderStateMachine.cpp, line 3434
JavaScript error: https://syntax.fm/_next/static/commons/main-ddbc0c2478383fda1136.js, line 1: AbortError: The fetching process for the media resource was aborted by the user agent at the user's request.
[Child 2401, MediaPlayback #2] WARNING: Decoder=124d90800 state=DECODING_METADATA Decode metadata failed, shutting down decoder: file /builds/worker/workspace/build/src/dom/media/MediaDecoderStateMachine.cpp, line 372
[Child 2401, MediaPlayback #2] WARNING: Decoder=124d90800 Decode error: NS_ERROR_DOM_MEDIA_METADATA_ERR (0x806e0006): file /builds/worker/workspace/build/src/dom/media/MediaDecoderStateMachine.cpp, line 3434
JavaScript error: https://syntax.fm/_next/static/commons/main-ddbc0c2478383fda1136.js, line 1: AbortError: The fetching process for the media resource was aborted by the user agent at the user's request.
[Child 2401, MediaPlayback #2] WARNING: Decoder=124d97800 state=DECODING_METADATA Decode metadata failed, shutting down decoder: file /builds/worker/workspace/build/src/dom/media/MediaDecoderStateMachine.cpp, line 372
[Child 2401, MediaPlayback #2] WARNING: Decoder=124d97800 Decode error: NS_ERROR_DOM_MEDIA_METADATA_ERR (0x806e0006): file /builds/worker/workspace/build/src/dom/media/MediaDecoderStateMachine.cpp, line 3434
JavaScript error: https://syntax.fm/_next/static/commons/main-ddbc0c2478383fda1136.js, line 1: AbortError: The fetching process for the media resource was aborted by the user agent at the user's request.
[Child 2401, MediaPlayback #2] WARNING: Decoder=11853e000 state=DECODING_METADATA Decode metadata failed, shutting down decoder: file /builds/worker/workspace/build/src/dom/media/MediaDecoderStateMachine.cpp, line 372
[Child 2401, MediaPlayback #2] WARNING: Decoder=11853e000 Decode error: NS_ERROR_DOM_MEDIA_METADATA_ERR (0x806e0006): file /builds/worker/workspace/build/src/dom/media/MediaDecoderStateMachine.cpp, line 3434
JavaScript error: https://syntax.fm/_next/static/commons/main-ddbc0c2478383fda1136.js, line 1: AbortError: The fetching process for the media resource was aborted by the user agent at the user's request.
JavaScript error: https://syntax.fm/_next/static/commons/main-ddbc0c2478383fda1136.js, line 1: AbortError: The fetching process for the media resource was aborted by the user agent at the user's request.
JavaScript error: https://syntax.fm/_next/static/commons/main-ddbc0c2478383fda1136.js, line 1: AbortError: The fetching process for the media resource was aborted by the user agent at the user's request.
[Child 2401, MediaPlayback #2] WARNING: Decoder=124d99400 state=DECODING_METADATA Decode metadata failed, shutting down decoder: file /builds/worker/workspace/build/src/dom/media/MediaDecoderStateMachine.cpp, line 372
[Child 2401, MediaPlayback #2] WARNING: Decoder=124d99400 Decode error: NS_ERROR_DOM_MEDIA_METADATA_ERR (0x806e0006): file /builds/worker/workspace/build/src/dom/media/MediaDecoderStateMachine.cpp, line 3434
JavaScript error: https://syntax.fm/_next/static/commons/main-ddbc0c2478383fda1136.js, line 1: AbortError: The fetching process for the media resource was aborted by the user agent at the user's request.
[Child 2401, MediaPlayback #2] WARNING: Decoder=1104cf000 state=DECODING_METADATA Decode metadata failed, shutting down decoder: file /builds/worker/workspace/build/src/dom/media/MediaDecoderStateMachine.cpp, line 372
[Child 2401, MediaPlayback #2] WARNING: Decoder=1104cf000 Decode error: NS_ERROR_DOM_MEDIA_METADATA_ERR (0x806e0006): file /builds/worker/workspace/build/src/dom/media/MediaDecoderStateMachine.cpp, line 3434
JavaScript error: https://syntax.fm/_next/static/commons/main-ddbc0c2478383fda1136.js, line 1: AbortError: The fetching process for the media resource was aborted by the user agent at the user's request.
[Child 2401, MediaPlayback #2] WARNING: Decoder=118685800 state=DECODING_METADATA Decode metadata failed, shutting down decoder: file /builds/worker/workspace/build/src/dom/media/MediaDecoderStateMachine.cpp, line 372
[Child 2401, MediaPlayback #2] WARNING: Decoder=118685800 Decode error: NS_ERROR_DOM_MEDIA_METADATA_ERR (0x806e0006): file /builds/worker/workspace/build/src/dom/media/MediaDecoderStateMachine.cpp, line 3434
JavaScript error: https://syntax.fm/_next/static/commons/main-ddbc0c2478383fda1136.js, line 1: AbortError: The fetching process for the media resource was aborted by the user agent at the user's request.
[Child 2401, MediaPlayback #2] WARNING: Decoder=124d93800 state=DECODING_METADATA Decode metadata failed, shutting down decoder: file /builds/worker/workspace/build/src/dom/media/MediaDecoderStateMachine.cpp, line 372
[Child 2401, MediaPlayback #2] WARNING: Decoder=124d93800 Decode error: NS_ERROR_DOM_MEDIA_METADATA_ERR (0x806e0006): file /builds/worker/workspace/build/src/dom/media/MediaDecoderStateMachine.cpp, line 3434
JavaScript error: https://syntax.fm/_next/static/commons/main-ddbc0c2478383fda1136.js, line 1: AbortError: The fetching process for the media resource was aborted by the user agent at the user's request.
[Child 2401, MediaPlayback #1] WARNING: Decoder=118272000 state=DECODING_METADATA Decode metadata failed, shutting down decoder: file /builds/worker/workspace/build/src/dom/media/MediaDecoderStateMachine.cpp, line 372
[Child 2401, MediaPlayback #1] WARNING: Decoder=118272000 Decode error: NS_ERROR_DOM_MEDIA_METADATA_ERR (0x806e0006): file /builds/worker/workspace/build/src/dom/media/MediaDecoderStateMachine.cpp, line 3434
JavaScript error: https://syntax.fm/_next/static/commons/main-ddbc0c2478383fda1136.js, line 1: AbortError: The fetching process for the media resource was aborted by the user agent at the user's request.
[Child 2401, MediaPlayback #1] WARNING: Decoder=124dcec00 state=DECODING_METADATA Decode metadata failed, shutting down decoder: file /builds/worker/workspace/build/src/dom/media/MediaDecoderStateMachine.cpp, line 372
[Child 2401, MediaPlayback #1] WARNING: Decoder=124dcec00 Decode error: NS_ERROR_DOM_MEDIA_METADATA_ERR (0x806e0006): file /builds/worker/workspace/build/src/dom/media/MediaDecoderStateMachine.cpp, line 3434
JavaScript error: https://syntax.fm/_next/static/commons/main-ddbc0c2478383fda1136.js, line 1: AbortError: The fetching process for the media resource was aborted by the user agent at the user's request.
[Child 2401, MediaPlayback #2] WARNING: Decoder=124dcf000 state=DECODING_METADATA Decode metadata failed, shutting down decoder: file /builds/worker/workspace/build/src/dom/media/MediaDecoderStateMachine.cpp, line 372
[Child 2401, MediaPlayback #2] WARNING: Decoder=124dcf000 Decode error: NS_ERROR_DOM_MEDIA_METADATA_ERR (0x806e0006): file /builds/worker/workspace/build/src/dom/media/MediaDecoderStateMachine.cpp, line 3434
JavaScript error: https://syntax.fm/_next/static/commons/main-ddbc0c2478383fda1136.js, line 1: AbortError: The fetching process for the media resource was aborted by the user agent at the user's request.
[Child 2401, MediaPlayback #2] WARNING: Decoder=12c18d800 state=DECODING_METADATA Decode metadata failed, shutting down decoder: file /builds/worker/workspace/build/src/dom/media/MediaDecoderStateMachine.cpp, line 372
[Child 2401, MediaPlayback #2] WARNING: Decoder=12c18d800 Decode error: NS_ERROR_DOM_MEDIA_METADATA_ERR (0x806e0006): file /builds/worker/workspace/build/src/dom/media/MediaDecoderStateMachine.cpp, line 3434
JavaScript error: https://syntax.fm/_next/static/commons/main-ddbc0c2478383fda1136.js, line 1: AbortError: The fetching process for the media resource was aborted by the user agent at the user's request.
console.error: BroadcastService: 
  receivedBroadcastMessage: handler for
  remote-settings/monitor_changes
  threw error:
  Message: Error: Polling for changes failed: NetworkError when attempting to fetch resource..
  Stack:
    remoteSettingsFunction/remoteSettings.pollChanges@resource://services-settings/remote-settings.js:750:13

JavaScript error: https://syntax.fm/_next/static/commons/main-ddbc0c2478383fda1136.js, line 1: AbortError: The fetching process for the media resource was aborted by the user agent at the user's request.
[Child 2401, MediaPlayback #2] WARNING: Decoder=118686400 state=DECODING_METADATA Decode metadata failed, shutting down decoder: file /builds/worker/workspace/build/src/dom/media/MediaDecoderStateMachine.cpp, line 372
[Child 2401, MediaPlayback #2] WARNING: Decoder=118686400 Decode error: NS_ERROR_DOM_MEDIA_METADATA_ERR (0x806e0006): file /builds/worker/workspace/build/src/dom/media/MediaDecoderStateMachine.cpp, line 3434
JavaScript error: https://syntax.fm/_next/static/commons/main-ddbc0c2478383fda1136.js, line 1: AbortError: The fetching process for the media resource was aborted by the user agent at the user's request.
JavaScript error: https://syntax.fm/_next/static/commons/main-ddbc0c2478383fda1136.js, line 1: AbortError: The fetching process for the media resource was aborted by the user agent at the user's request.
JavaScript error: https://syntax.fm/_next/static/commons/main-ddbc0c2478383fda1136.js, line 1: AbortError: The fetching process for the media resource was aborted by the user agent at the user's request.
1544889985672	Marionette	INFO	Stopped listening on port 52328
1544890160080	mozrunner::runner	INFO	Running command: "/Applications/Firefox.app/Contents/MacOS/firefox-bin" "-marionette" "-foreground" "-no-remote" "-profile" "/var/folders/0h/7pm1mfsj7l5g6_0l2djgwqsm0000gn/T/rust_mozprofile.2Fx8SDUpzRFE"
1544890160846	addons.webextension.screenshots@mozilla.org	WARN	Loading extension 'screenshots@mozilla.org': Reading manifest: Invalid host permission: resource://pdf.js/
1544890160847	addons.webextension.screenshots@mozilla.org	WARN	Loading extension 'screenshots@mozilla.org': Reading manifest: Invalid host permission: about:reader*
Can't find symbol 'GetGraphicsResetStatus'.
1544890163485	Marionette	INFO	Listening on port 53275
1544890163572	Marionette	WARN	TLS certificate errors will be ignored for this session
[Child 2466, MediaPlayback #2] WARNING: Decoder=132ea2000 state=DECODING_METADATA Decode metadata failed, shutting down decoder: file /builds/worker/workspace/build/src/dom/media/MediaDecoderStateMachine.cpp, line 372
[Child 2466, MediaPlayback #2] WARNING: Decoder=132ea2000 Decode error: NS_ERROR_DOM_MEDIA_METADATA_ERR (0x806e0006): file /builds/worker/workspace/build/src/dom/media/MediaDecoderStateMachine.cpp, line 3434
JavaScript error: https://syntax.fm/_next/static/commons/main-ddbc0c2478383fda1136.js, line 1: AbortError: The fetching process for the media resource was aborted by the user agent at the user's request.
[Child 2466, MediaPlayback #2] WARNING: Decoder=132eabc00 state=DECODING_METADATA Decode metadata failed, shutting down decoder: file /builds/worker/workspace/build/src/dom/media/MediaDecoderStateMachine.cpp, line 372
[Child 2466, MediaPlayback #2] WARNING: Decoder=132eabc00 Decode error: NS_ERROR_DOM_MEDIA_METADATA_ERR (0x806e0006): file /builds/worker/workspace/build/src/dom/media/MediaDecoderStateMachine.cpp, line 3434
JavaScript error: https://syntax.fm/_next/static/commons/main-ddbc0c2478383fda1136.js, line 1: AbortError: The fetching process for the media resource was aborted by the user agent at the user's request.
[Child 2466, MediaPlayback #1] WARNING: Decoder=118fc7c00 state=DECODING_METADATA Decode metadata failed, shutting down decoder: file /builds/worker/workspace/build/src/dom/media/MediaDecoderStateMachine.cpp, line 372
[Child 2466, MediaPlayback #1] WARNING: Decoder=118fc7c00 Decode error: NS_ERROR_DOM_MEDIA_METADATA_ERR (0x806e0006): file /builds/worker/workspace/build/src/dom/media/MediaDecoderStateMachine.cpp, line 3434
JavaScript error: https://syntax.fm/_next/static/commons/main-ddbc0c2478383fda1136.js, line 1: AbortError: The fetching process for the media resource was aborted by the user agent at the user's request.
[Child 2466, MediaPlayback #2] WARNING: Decoder=1224a9800 state=DECODING_METADATA Decode metadata failed, shutting down decoder: file /builds/worker/workspace/build/src/dom/media/MediaDecoderStateMachine.cpp, line 372
[Child 2466, MediaPlayback #2] WARNING: Decoder=1224a9800 Decode error: NS_ERROR_DOM_MEDIA_METADATA_ERR (0x806e0006): file /builds/worker/workspace/build/src/dom/media/MediaDecoderStateMachine.cpp, line 3434
JavaScript error: https://syntax.fm/_next/static/commons/main-ddbc0c2478383fda1136.js, line 1: AbortError: The fetching process for the media resource was aborted by the user agent at the user's request.
[Child 2466, MediaPlayback #1] WARNING: Decoder=132ea9400 state=DECODING_METADATA Decode metadata failed, shutting down decoder: file /builds/worker/workspace/build/src/dom/media/MediaDecoderStateMachine.cpp, line 372
[Child 2466, MediaPlayback #1] WARNING: Decoder=132ea9400 Decode error: NS_ERROR_DOM_MEDIA_METADATA_ERR (0x806e0006): file /builds/worker/workspace/build/src/dom/media/MediaDecoderStateMachine.cpp, line 3434
JavaScript error: https://syntax.fm/_next/static/commons/main-ddbc0c2478383fda1136.js, line 1: AbortError: The fetching process for the media resource was aborted by the user agent at the user's request.
[Child 2466, MediaPlayback #1] WARNING: Decoder=132ea2000 state=DECODING_METADATA Decode metadata failed, shutting down decoder: file /builds/worker/workspace/build/src/dom/media/MediaDecoderStateMachine.cpp, line 372
[Child 2466, MediaPlayback #1] WARNING: Decoder=132ea2000 Decode error: NS_ERROR_DOM_MEDIA_METADATA_ERR (0x806e0006): file /builds/worker/workspace/build/src/dom/media/MediaDecoderStateMachine.cpp, line 3434
JavaScript error: https://syntax.fm/_next/static/commons/main-ddbc0c2478383fda1136.js, line 1: AbortError: The fetching process for the media resource was aborted by the user agent at the user's request.
[Child 2466, MediaPlayback #2] WARNING: Decoder=132ea4800 state=DECODING_METADATA Decode metadata failed, shutting down decoder: file /builds/worker/workspace/build/src/dom/media/MediaDecoderStateMachine.cpp, line 372
[Child 2466, MediaPlayback #2] WARNING: Decoder=132ea4800 Decode error: NS_ERROR_DOM_MEDIA_METADATA_ERR (0x806e0006): file /builds/worker/workspace/build/src/dom/media/MediaDecoderStateMachine.cpp, line 3434
JavaScript error: https://syntax.fm/_next/static/commons/main-ddbc0c2478383fda1136.js, line 1: AbortError: The fetching process for the media resource was aborted by the user agent at the user's request.
[Child 2466, MediaPlayback #1] WARNING: Decoder=132ea2000 state=DECODING_METADATA Decode metadata failed, shutting down decoder: file /builds/worker/workspace/build/src/dom/media/MediaDecoderStateMachine.cpp, line 372
[Child 2466, MediaPlayback #1] WARNING: Decoder=132ea2000 Decode error: NS_ERROR_DOM_MEDIA_METADATA_ERR (0x806e0006): file /builds/worker/workspace/build/src/dom/media/MediaDecoderStateMachine.cpp, line 3434
JavaScript error: https://syntax.fm/_next/static/commons/main-ddbc0c2478383fda1136.js, line 1: AbortError: The fetching process for the media resource was aborted by the user agent at the user's request.
[Child 2466, MediaPlayback #2] WARNING: Decoder=137292c00 state=DECODING_METADATA Decode metadata failed, shutting down decoder: file /builds/worker/workspace/build/src/dom/media/MediaDecoderStateMachine.cpp, line 372
[Child 2466, MediaPlayback #2] WARNING: Decoder=137292c00 Decode error: NS_ERROR_DOM_MEDIA_METADATA_ERR (0x806e0006): file /builds/worker/workspace/build/src/dom/media/MediaDecoderStateMachine.cpp, line 3434
JavaScript error: https://syntax.fm/_next/static/commons/main-ddbc0c2478383fda1136.js, line 1: AbortError: The fetching process for the media resource was aborted by the user agent at the user's request.
[Child 2466, MediaPlayback #2] WARNING: Decoder=132ea4c00 state=DECODING_METADATA Decode metadata failed, shutting down decoder: file /builds/worker/workspace/build/src/dom/media/MediaDecoderStateMachine.cpp, line 372
[Child 2466, MediaPlayback #2] WARNING: Decoder=132ea4c00 Decode error: NS_ERROR_DOM_MEDIA_METADATA_ERR (0x806e0006): file /builds/worker/workspace/build/src/dom/media/MediaDecoderStateMachine.cpp, line 3434
JavaScript error: https://syntax.fm/_next/static/commons/main-ddbc0c2478383fda1136.js, line 1: AbortError: The fetching process for the media resource was aborted by the user agent at the user's request.
[Child 2466, MediaPlayback #1] WARNING: Decoder=137124000 state=DECODING_METADATA Decode metadata failed, shutting down decoder: file /builds/worker/workspace/build/src/dom/media/MediaDecoderStateMachine.cpp, line 372
[Child 2466, MediaPlayback #1] WARNING: Decoder=137124000 Decode error: NS_ERROR_DOM_MEDIA_METADATA_ERR (0x806e0006): file /builds/worker/workspace/build/src/dom/media/MediaDecoderStateMachine.cpp, line 3434
JavaScript error: https://syntax.fm/_next/static/commons/main-ddbc0c2478383fda1136.js, line 1: AbortError: The fetching process for the media resource was aborted by the user agent at the user's request.
[Child 2466, MediaPlayback #1] WARNING: Decoder=13712a400 state=DECODING_METADATA Decode metadata failed, shutting down decoder: file /builds/worker/workspace/build/src/dom/media/MediaDecoderStateMachine.cpp, line 372
[Child 2466, MediaPlayback #1] WARNING: Decoder=13712a400 Decode error: NS_ERROR_DOM_MEDIA_METADATA_ERR (0x806e0006): file /builds/worker/workspace/build/src/dom/media/MediaDecoderStateMachine.cpp, line 3434
JavaScript error: https://syntax.fm/_next/static/commons/main-ddbc0c2478383fda1136.js, line 1: AbortError: The fetching process for the media resource was aborted by the user agent at the user's request.
[Child 2466, MediaPlayback #1] WARNING: Decoder=10c49fc00 state=DECODING_METADATA Decode metadata failed, shutting down decoder: file /builds/worker/workspace/build/src/dom/media/MediaDecoderStateMachine.cpp, line 372
[Child 2466, MediaPlayback #1] WARNING: Decoder=10c49fc00 Decode error: NS_ERROR_DOM_MEDIA_METADATA_ERR (0x806e0006): file /builds/worker/workspace/build/src/dom/media/MediaDecoderStateMachine.cpp, line 3434
JavaScript error: https://syntax.fm/_next/static/commons/main-ddbc0c2478383fda1136.js, line 1: AbortError: The fetching process for the media resource was aborted by the user agent at the user's request.
JavaScript error: https://syntax.fm/_next/static/commons/main-ddbc0c2478383fda1136.js, line 1: AbortError: The fetching process for the media resource was aborted by the user agent at the user's request.
JavaScript error: https://syntax.fm/_next/static/commons/main-ddbc0c2478383fda1136.js, line 1: AbortError: The fetching process for the media resource was aborted by the user agent at the user's request.
[Child 2466, MediaPlayback #1] WARNING: Decoder=12259b000 state=DECODING_METADATA Decode metadata failed, shutting down decoder: file /builds/worker/workspace/build/src/dom/media/MediaDecoderStateMachine.cpp, line 372
[Child 2466, MediaPlayback #1] WARNING: Decoder=12259b000 Decode error: NS_ERROR_DOM_MEDIA_METADATA_ERR (0x806e0006): file /builds/worker/workspace/build/src/dom/media/MediaDecoderStateMachine.cpp, line 3434
console.error: BroadcastService: 
  receivedBroadcastMessage: handler for
  remote-settings/monitor_changes
  threw error:
  Message: Error: Polling for changes failed: NetworkError when attempting to fetch resource..
  Stack:
    remoteSettingsFunction/remoteSettings.pollChanges@resource://services-settings/remote-settings.js:750:13

JavaScript error: https://syntax.fm/_next/static/commons/main-ddbc0c2478383fda1136.js, line 1: AbortError: The fetching process for the media resource was aborted by the user agent at the user's request.
JavaScript error: https://syntax.fm/_next/static/commons/main-ddbc0c2478383fda1136.js, line 1: AbortError: The fetching process for the media resource was aborted by the user agent at the user's request.
JavaScript error: https://syntax.fm/_next/static/commons/main-ddbc0c2478383fda1136.js, line 1: AbortError: The fetching process for the media resource was aborted by the user agent at the user's request.
1544890208463	Marionette	INFO	Stopped listening on port 53275
1544890295784	mozrunner::runner	INFO	Running command: "/Applications/Firefox.app/Contents/MacOS/firefox-bin" "-marionette" "-foreground" "-no-remote" "-profile" "/var/folders/0h/7pm1mfsj7l5g6_0l2djgwqsm0000gn/T/rust_mozprofile.wVL5nLF4Xwbj"
1544890296595	addons.webextension.screenshots@mozilla.org	WARN	Loading extension 'screenshots@mozilla.org': Reading manifest: Invalid host permission: resource://pdf.js/
1544890296596	addons.webextension.screenshots@mozilla.org	WARN	Loading extension 'screenshots@mozilla.org': Reading manifest: Invalid host permission: about:reader*
Can't find symbol 'GetGraphicsResetStatus'.
1544890299828	Marionette	INFO	Listening on port 53879
1544890299874	Marionette	WARN	TLS certificate errors will be ignored for this session
[Child 2502, MediaPlayback #1] WARNING: Decoder=12dab4400 state=DECODING_METADATA Decode metadata failed, shutting down decoder: file /builds/worker/workspace/build/src/dom/media/MediaDecoderStateMachine.cpp, line 372
[Child 2502, MediaPlayback #1] WARNING: Decoder=12dab4400 Decode error: NS_ERROR_DOM_MEDIA_METADATA_ERR (0x806e0006): file /builds/worker/workspace/build/src/dom/media/MediaDecoderStateMachine.cpp, line 3434
JavaScript error: https://syntax.fm/_next/static/commons/main-ddbc0c2478383fda1136.js, line 1: AbortError: The fetching process for the media resource was aborted by the user agent at the user's request.
[Child 2502, MediaPlayback #1] WARNING: Decoder=1218a6800 state=DECODING_METADATA Decode metadata failed, shutting down decoder: file /builds/worker/workspace/build/src/dom/media/MediaDecoderStateMachine.cpp, line 372
[Child 2502, MediaPlayback #1] WARNING: Decoder=1218a6800 Decode error: NS_ERROR_DOM_MEDIA_METADATA_ERR (0x806e0006): file /builds/worker/workspace/build/src/dom/media/MediaDecoderStateMachine.cpp, line 3434
JavaScript error: https://syntax.fm/_next/static/commons/main-ddbc0c2478383fda1136.js, line 1: AbortError: The fetching process for the media resource was aborted by the user agent at the user's request.
JavaScript error: https://syntax.fm/_next/static/commons/main-ddbc0c2478383fda1136.js, line 1: AbortError: The fetching process for the media resource was aborted by the user agent at the user's request.
JavaScript error: https://syntax.fm/_next/static/commons/main-ddbc0c2478383fda1136.js, line 1: AbortError: The fetching process for the media resource was aborted by the user agent at the user's request.
JavaScript error: https://syntax.fm/_next/static/commons/main-ddbc0c2478383fda1136.js, line 1: AbortError: The fetching process for the media resource was aborted by the user agent at the user's request.
[Child 2502, MediaPlayback #1] WARNING: Decoder=12dabf400 state=DECODING_METADATA Decode metadata failed, shutting down decoder: file /builds/worker/workspace/build/src/dom/media/MediaDecoderStateMachine.cpp, line 372
[Child 2502, MediaPlayback #1] WARNING: Decoder=12dabf400 Decode error: NS_ERROR_DOM_MEDIA_METADATA_ERR (0x806e0006): file /builds/worker/workspace/build/src/dom/media/MediaDecoderStateMachine.cpp, line 3434
JavaScript error: https://syntax.fm/_next/static/commons/main-ddbc0c2478383fda1136.js, line 1: AbortError: The fetching process for the media resource was aborted by the user agent at the user's request.
JavaScript error: https://syntax.fm/_next/static/commons/main-ddbc0c2478383fda1136.js, line 1: AbortError: The fetching process for the media resource was aborted by the user agent at the user's request.
[Child 2502, MediaPlayback #1] WARNING: Decoder=12148dc00 state=DECODING_METADATA Decode metadata failed, shutting down decoder: file /builds/worker/workspace/build/src/dom/media/MediaDecoderStateMachine.cpp, line 372
[Child 2502, MediaPlayback #1] WARNING: Decoder=12148dc00 Decode error: NS_ERROR_DOM_MEDIA_METADATA_ERR (0x806e0006): file /builds/worker/workspace/build/src/dom/media/MediaDecoderStateMachine.cpp, line 3434
JavaScript error: https://syntax.fm/_next/static/commons/main-ddbc0c2478383fda1136.js, line 1: AbortError: The fetching process for the media resource was aborted by the user agent at the user's request.
[Child 2502, MediaPlayback #1] WARNING: Decoder=1218afc00 state=DECODING_METADATA Decode metadata failed, shutting down decoder: file /builds/worker/workspace/build/src/dom/media/MediaDecoderStateMachine.cpp, line 372
[Child 2502, MediaPlayback #1] WARNING: Decoder=1218afc00 Decode error: NS_ERROR_DOM_MEDIA_METADATA_ERR (0x806e0006): file /builds/worker/workspace/build/src/dom/media/MediaDecoderStateMachine.cpp, line 3434
JavaScript error: https://syntax.fm/_next/static/commons/main-ddbc0c2478383fda1136.js, line 1: AbortError: The fetching process for the media resource was aborted by the user agent at the user's request.
JavaScript error: https://syntax.fm/_next/static/commons/main-ddbc0c2478383fda1136.js, line 1: AbortError: The fetching process for the media resource was aborted by the user agent at the user's request.
JavaScript error: https://syntax.fm/_next/static/commons/main-ddbc0c2478383fda1136.js, line 1: AbortError: The fetching process for the media resource was aborted by the user agent at the user's request.
JavaScript error: https://syntax.fm/_next/static/commons/main-ddbc0c2478383fda1136.js, line 1: AbortError: The fetching process for the media resource was aborted by the user agent at the user's request.
console.error: BroadcastService: 
  receivedBroadcastMessage: handler for
  remote-settings/monitor_changes
  threw error:
  Message: Error: Polling for changes failed: NetworkError when attempting to fetch resource..
  Stack:
    remoteSettingsFunction/remoteSettings.pollChanges@resource://services-settings/remote-settings.js:750:13

1544890423887	mozrunner::runner	INFO	Running command: "/Applications/Firefox.app/Contents/MacOS/firefox-bin" "-marionette" "-foreground" "-no-remote" "-profile" "/var/folders/0h/7pm1mfsj7l5g6_0l2djgwqsm0000gn/T/rust_mozprofile.ZZX1ixcdgswQ"
1544890424759	addons.webextension.screenshots@mozilla.org	WARN	Loading extension 'screenshots@mozilla.org': Reading manifest: Invalid host permission: resource://pdf.js/
1544890424759	addons.webextension.screenshots@mozilla.org	WARN	Loading extension 'screenshots@mozilla.org': Reading manifest: Invalid host permission: about:reader*
Can't find symbol 'GetGraphicsResetStatus'.
1544890427502	Marionette	INFO	Listening on port 54467
1544890427557	Marionette	WARN	TLS certificate errors will be ignored for this session
[Child 2552, MediaPlayback #1] WARNING: Decoder=12e6e6c00 state=DECODING_METADATA Decode metadata failed, shutting down decoder: file /builds/worker/workspace/build/src/dom/media/MediaDecoderStateMachine.cpp, line 372
[Child 2552, MediaPlayback #1] WARNING: Decoder=12e6e6c00 Decode error: NS_ERROR_DOM_MEDIA_METADATA_ERR (0x806e0006): file /builds/worker/workspace/build/src/dom/media/MediaDecoderStateMachine.cpp, line 3434
JavaScript error: https://syntax.fm/_next/static/commons/main-ddbc0c2478383fda1136.js, line 1: AbortError: The fetching process for the media resource was aborted by the user agent at the user's request.
JavaScript error: https://syntax.fm/_next/static/commons/main-ddbc0c2478383fda1136.js, line 1: AbortError: The fetching process for the media resource was aborted by the user agent at the user's request.
[Child 2552, MediaPlayback #1] WARNING: Decoder=1373cf000 state=DECODING_METADATA Decode metadata failed, shutting down decoder: file /builds/worker/workspace/build/src/dom/media/MediaDecoderStateMachine.cpp, line 372
[Child 2552, MediaPlayback #1] WARNING: Decoder=1373cf000 Decode error: NS_ERROR_DOM_MEDIA_METADATA_ERR (0x806e0006): file /builds/worker/workspace/build/src/dom/media/MediaDecoderStateMachine.cpp, line 3434
JavaScript error: https://syntax.fm/_next/static/commons/main-ddbc0c2478383fda1136.js, line 1: AbortError: The fetching process for the media resource was aborted by the user agent at the user's request.
JavaScript error: https://syntax.fm/_next/static/commons/main-ddbc0c2478383fda1136.js, line 1: AbortError: The fetching process for the media resource was aborted by the user agent at the user's request.
JavaScript error: https://syntax.fm/_next/static/commons/main-ddbc0c2478383fda1136.js, line 1: AbortError: The fetching process for the media resource was aborted by the user agent at the user's request.
JavaScript error: https://syntax.fm/_next/static/commons/main-ddbc0c2478383fda1136.js, line 1: AbortError: The fetching process for the media resource was aborted by the user agent at the user's request.
Can't find symbol 'GetGraphicsResetStatus'.
1544890549693	mozrunner::runner	INFO	Running command: "/Applications/Firefox.app/Contents/MacOS/firefox-bin" "-marionette" "-foreground" "-no-remote" "-profile" "/var/folders/0h/7pm1mfsj7l5g6_0l2djgwqsm0000gn/T/rust_mozprofile.Hnio0CP6MjNq"
1544890550540	addons.webextension.screenshots@mozilla.org	WARN	Loading extension 'screenshots@mozilla.org': Reading manifest: Invalid host permission: resource://pdf.js/
1544890550541	addons.webextension.screenshots@mozilla.org	WARN	Loading extension 'screenshots@mozilla.org': Reading manifest: Invalid host permission: about:reader*
Can't find symbol 'GetGraphicsResetStatus'.
1544890553075	Marionette	INFO	Listening on port 54983
1544890553165	Marionette	WARN	TLS certificate errors will be ignored for this session
[Child 2587, MediaPlayback #1] WARNING: Decoder=133c74400 state=DECODING_METADATA Decode metadata failed, shutting down decoder: file /builds/worker/workspace/build/src/dom/media/MediaDecoderStateMachine.cpp, line 372
[Child 2587, MediaPlayback #1] WARNING: Decoder=133c74400 Decode error: NS_ERROR_DOM_MEDIA_METADATA_ERR (0x806e0006): file /builds/worker/workspace/build/src/dom/media/MediaDecoderStateMachine.cpp, line 3434
JavaScript error: https://syntax.fm/_next/static/commons/main-ddbc0c2478383fda1136.js, line 1: AbortError: The fetching process for the media resource was aborted by the user agent at the user's request.
[Child 2587, MediaPlayback #1] WARNING: Decoder=12c4c9400 state=DECODING_METADATA Decode metadata failed, shutting down decoder: file /builds/worker/workspace/build/src/dom/media/MediaDecoderStateMachine.cpp, line 372
[Child 2587, MediaPlayback #1] WARNING: Decoder=12c4c9400 Decode error: NS_ERROR_DOM_MEDIA_METADATA_ERR (0x806e0006): file /builds/worker/workspace/build/src/dom/media/MediaDecoderStateMachine.cpp, line 3434
JavaScript error: https://syntax.fm/_next/static/commons/main-ddbc0c2478383fda1136.js, line 1: AbortError: The fetching process for the media resource was aborted by the user agent at the user's request.
JavaScript error: https://syntax.fm/_next/static/commons/main-ddbc0c2478383fda1136.js, line 1: AbortError: The fetching process for the media resource was aborted by the user agent at the user's request.
JavaScript error: https://syntax.fm/_next/static/commons/main-ddbc0c2478383fda1136.js, line 1: AbortError: The fetching process for the media resource was aborted by the user agent at the user's request.
JavaScript error: https://syntax.fm/_next/static/commons/main-ddbc0c2478383fda1136.js, line 1: AbortError: The fetching process for the media resource was aborted by the user agent at the user's request.
JavaScript error: https://syntax.fm/_next/static/commons/main-ddbc0c2478383fda1136.js, line 1: AbortError: The fetching process for the media resource was aborted by the user agent at the user's request.
JavaScript error: https://syntax.fm/_next/static/commons/main-ddbc0c2478383fda1136.js, line 1: AbortError: The fetching process for the media resource was aborted by the user agent at the user's request.
JavaScript error: https://syntax.fm/_next/static/commons/main-ddbc0c2478383fda1136.js, line 1: AbortError: The fetching process for the media resource was aborted by the user agent at the user's request.
JavaScript error: https://syntax.fm/_next/static/commons/main-ddbc0c2478383fda1136.js, line 1: AbortError: The fetching process for the media resource was aborted by the user agent at the user's request.
JavaScript error: https://syntax.fm/_next/static/commons/main-ddbc0c2478383fda1136.js, line 1: AbortError: The fetching process for the media resource was aborted by the user agent at the user's request.
JavaScript error: https://syntax.fm/_next/static/commons/main-ddbc0c2478383fda1136.js, line 1: AbortError: The fetching process for the media resource was aborted by the user agent at the user's request.
JavaScript error: https://syntax.fm/_next/static/commons/main-ddbc0c2478383fda1136.js, line 1: AbortError: The fetching process for the media resource was aborted by the user agent at the user's request.
JavaScript error: https://syntax.fm/_next/static/commons/main-ddbc0c2478383fda1136.js, line 1: AbortError: The fetching process for the media resource was aborted by the user agent at the user's request.
1544890632886	Marionette	INFO	Stopped listening on port 54983
console.error: BroadcastService: 
  receivedBroadcastMessage: handler for
  remote-settings/monitor_changes
  threw error:
  Message: Error: Polling for changes failed: NetworkError when attempting to fetch resource..
  Stack:
    remoteSettingsFunction/remoteSettings.pollChanges@resource://services-settings/remote-settings.js:750:13

